<?xml version="1.0" encoding="UTF-8"?>
<testsuite xmlns:xsi="http://www.w3.org/2001/XMLSchema-instance" xsi:noNamespaceSchemaLocation="https://maven.apache.org/surefire/maven-surefire-plugin/xsd/surefire-test-report-3.0.xsd" version="3.0" name="no.hvl.dat152.rest.ws.main.test.TestUser" time="0.407" tests="7" errors="0" skipped="0" failures="0">
  <properties>
[...]
</properties>
  <testcase name="updateUser_thenOK" classname="no.hvl.dat152.rest.ws.main.test.TestUser" time="0.104">
    <system-out><![CDATA[2023-10-02T12:52:31.632+02:00  INFO 88387 --- [           main] t.c.s.AnnotationConfigContextLoaderUtils : Could not detect default configuration classes for test class [no.hvl.dat152.rest.ws.main.test.TestUser]: TestUser does not declare any static, non-private, non-final, nested classes annotated with @Configuration.
2023-10-02T12:52:31.635+02:00  INFO 88387 --- [           main] .b.t.c.SpringBootTestContextBootstrapper : Found @SpringBootConfiguration no.hvl.dat152.rest.ws.main.LibraryApplication for test class no.hvl.dat152.rest.ws.main.test.TestUser
2023-10-02T12:52:31.637+02:00  INFO 88387 --- [           main] f.a.AutowiredAnnotationBeanPostProcessor : Autowired annotation is not supported on static fields: private static final java.lang.String no.hvl.dat152.rest.ws.main.test.TestUser.API_ROOT
Hibernate: insert into users (firstname,lastname,userid) values (?,?,?)
Hibernate: select u1_0.userid,u1_0.firstname,u1_0.lastname from users u1_0 where u1_0.userid=?
Hibernate: select o1_0.user_id,o1_0.id,o1_0.expiry,o1_0.isbn from orders o1_0 where o1_0.user_id=?
Hibernate: update users set firstname=?,lastname=? where userid=?
]]></system-out>
  </testcase>
  <testcase name="getAllUsers_thenOK" classname="no.hvl.dat152.rest.ws.main.test.TestUser" time="0.034">
    <system-out><![CDATA[Hibernate: select u1_0.userid,u1_0.firstname,u1_0.lastname from users u1_0
Hibernate: select o1_0.user_id,o1_0.id,o1_0.expiry,o1_0.isbn from orders o1_0 where o1_0.user_id=?
Hibernate: select o1_0.user_id,o1_0.id,o1_0.expiry,o1_0.isbn from orders o1_0 where o1_0.user_id=?
Hibernate: select o1_0.user_id,o1_0.id,o1_0.expiry,o1_0.isbn from orders o1_0 where o1_0.user_id=?
]]></system-out>
  </testcase>
  <testcase name="getOrdersOfUser_thenOK" classname="no.hvl.dat152.rest.ws.main.test.TestUser" time="0.029">
    <system-out><![CDATA[Hibernate: select u1_0.userid,u1_0.firstname,u1_0.lastname from users u1_0 where u1_0.userid=?
Hibernate: select o1_0.user_id,o1_0.id,o1_0.expiry,o1_0.isbn from orders o1_0 where o1_0.user_id=?
]]></system-out>
  </testcase>
  <testcase name="getUserById_thenOK" classname="no.hvl.dat152.rest.ws.main.test.TestUser" time="0.112">
    <system-out><![CDATA[Hibernate: select u1_0.userid,u1_0.firstname,u1_0.lastname from users u1_0 where u1_0.userid=?
Hibernate: select o1_0.user_id,o1_0.id,o1_0.expiry,o1_0.isbn from orders o1_0 where o1_0.user_id=?
]]></system-out>
  </testcase>
  <testcase name="deleteUserById_thenOK" classname="no.hvl.dat152.rest.ws.main.test.TestUser" time="0.04">
    <system-out><![CDATA[Hibernate: select u1_0.userid,u1_0.firstname,u1_0.lastname from users u1_0 where u1_0.userid=?
Hibernate: select o1_0.user_id,o1_0.id,o1_0.expiry,o1_0.isbn from orders o1_0 where o1_0.user_id=?
Hibernate: update orders set user_id=null where user_id=?
Hibernate: delete from orders where id=?
Hibernate: delete from users where userid=?
Hibernate: select u1_0.userid,u1_0.firstname,u1_0.lastname from users u1_0 where u1_0.userid=?
]]></system-out>
  </testcase>
  <testcase name="createUser_thenOK" classname="no.hvl.dat152.rest.ws.main.test.TestUser" time="0.028">
    <system-out><![CDATA[Hibernate: insert into users (firstname,lastname,userid) values (?,?,?)
]]></system-out>
  </testcase>
  <testcase name="createOrderForUser_thenOK" classname="no.hvl.dat152.rest.ws.main.test.TestUser" time="0.04">
    <system-out><![CDATA[Hibernate: select u1_0.userid,u1_0.firstname,u1_0.lastname from users u1_0 where u1_0.userid=?
Hibernate: select o1_0.user_id,o1_0.id,o1_0.expiry,o1_0.isbn from orders o1_0 where o1_0.user_id=?
Hibernate: insert into orders (expiry,isbn,id) values (?,?,?)
Hibernate: update orders set user_id=? where id=?
]]></system-out>
  </testcase>
</testsuite>