<?xml version="1.0" encoding="UTF-8"?>
<testsuite xmlns:xsi="http://www.w3.org/2001/XMLSchema-instance" xsi:noNamespaceSchemaLocation="https://maven.apache.org/surefire/maven-surefire-plugin/xsd/surefire-test-report-3.0.xsd" version="3.0" name="no.hvl.dat152.rest.ws.main.test.TestAuthor" time="7.706" tests="5" errors="0" skipped="0" failures="0">
  <properties>
[...]
</properties>
  <testcase name="updateAuthor_thenOK" classname="no.hvl.dat152.rest.ws.main.test.TestAuthor" time="2.15">
    <system-out><![CDATA[12:52:24.057 [main] INFO org.springframework.test.context.support.AnnotationConfigContextLoaderUtils -- Could not detect default configuration classes for test class [no.hvl.dat152.rest.ws.main.test.TestAuthor]: TestAuthor does not declare any static, non-private, non-final, nested classes annotated with @Configuration.
12:52:24.157 [main] INFO org.springframework.boot.test.context.SpringBootTestContextBootstrapper -- Found @SpringBootConfiguration no.hvl.dat152.rest.ws.main.LibraryApplication for test class no.hvl.dat152.rest.ws.main.test.TestAuthor

  .   ____          _            __ _ _
 /\\ / ___'_ __ _ _(_)_ __  __ _ \ \ \ \
( ( )\___ | '_ | '_| | '_ \/ _` | \ \ \ \
 \\/  ___)| |_)| | | | | || (_| |  ) ) ) )
  '  |____| .__|_| |_|_| |_\__, | / / / /
 =========|_|==============|___/=/_/_/_/
 :: Spring Boot ::                (v3.1.0)

2023-10-02T12:52:24.607+02:00  INFO 88387 --- [           main] n.h.dat152.rest.ws.main.test.TestAuthor  : Starting TestAuthor using Java 17.0.8 with PID 88387 (started by tdoy in /Users/tdoy/eclipse-workspace-jee-202308/library-spring-ws-rest-solution)
2023-10-02T12:52:24.611+02:00  INFO 88387 --- [           main] n.h.dat152.rest.ws.main.test.TestAuthor  : No active profile set, falling back to 1 default profile: "default"
2023-10-02T12:52:25.297+02:00  INFO 88387 --- [           main] .s.d.r.c.RepositoryConfigurationDelegate : Bootstrapping Spring Data JPA repositories in DEFAULT mode.
2023-10-02T12:52:25.359+02:00  INFO 88387 --- [           main] .s.d.r.c.RepositoryConfigurationDelegate : Finished Spring Data repository scanning in 52 ms. Found 4 JPA repository interfaces.
2023-10-02T12:52:26.116+02:00  INFO 88387 --- [           main] o.s.b.w.embedded.tomcat.TomcatWebServer  : Tomcat initialized with port(s): 8090 (http)
2023-10-02T12:52:26.125+02:00  INFO 88387 --- [           main] o.apache.catalina.core.StandardService   : Starting service [Tomcat]
2023-10-02T12:52:26.125+02:00  INFO 88387 --- [           main] o.apache.catalina.core.StandardEngine    : Starting Servlet engine: [Apache Tomcat/10.1.8]
2023-10-02T12:52:26.232+02:00  INFO 88387 --- [           main] o.a.c.c.C.[Tomcat].[localhost].[/]       : Initializing Spring embedded WebApplicationContext
2023-10-02T12:52:26.233+02:00  INFO 88387 --- [           main] w.s.c.ServletWebServerApplicationContext : Root WebApplicationContext: initialization completed in 1342 ms
2023-10-02T12:52:26.271+02:00  INFO 88387 --- [           main] com.zaxxer.hikari.HikariDataSource       : HikariPool-1 - Starting...
2023-10-02T12:52:26.456+02:00  INFO 88387 --- [           main] com.zaxxer.hikari.pool.HikariPool        : HikariPool-1 - Added connection conn0: url=jdbc:h2:mem:librarydb user=SA
2023-10-02T12:52:26.457+02:00  INFO 88387 --- [           main] com.zaxxer.hikari.HikariDataSource       : HikariPool-1 - Start completed.
2023-10-02T12:52:26.466+02:00  INFO 88387 --- [           main] o.s.b.a.h2.H2ConsoleAutoConfiguration    : H2 console available at '/h2-console'. Database available at 'jdbc:h2:mem:librarydb'
2023-10-02T12:52:26.595+02:00  INFO 88387 --- [           main] o.hibernate.jpa.internal.util.LogHelper  : HHH000204: Processing PersistenceUnitInfo [name: default]
2023-10-02T12:52:26.644+02:00  INFO 88387 --- [           main] org.hibernate.Version                    : HHH000412: Hibernate ORM core version 6.2.2.Final
2023-10-02T12:52:26.646+02:00  INFO 88387 --- [           main] org.hibernate.cfg.Environment            : HHH000406: Using bytecode reflection optimizer
2023-10-02T12:52:26.776+02:00  INFO 88387 --- [           main] o.h.b.i.BytecodeProviderInitiator        : HHH000021: Bytecode provider name : bytebuddy
2023-10-02T12:52:26.925+02:00  INFO 88387 --- [           main] o.s.o.j.p.SpringPersistenceUnitInfo      : No LoadTimeWeaver setup: ignoring JPA class transformer
2023-10-02T12:52:26.957+02:00  INFO 88387 --- [           main] org.hibernate.orm.dialect                : HHH035001: Using dialect: org.hibernate.dialect.H2Dialect, version: 2.1.214
2023-10-02T12:52:27.227+02:00  INFO 88387 --- [           main] o.h.b.i.BytecodeProviderInitiator        : HHH000021: Bytecode provider name : bytebuddy
2023-10-02T12:52:27.905+02:00  INFO 88387 --- [           main] o.h.e.t.j.p.i.JtaPlatformInitiator       : HHH000490: Using JtaPlatform implementation: [org.hibernate.engine.transaction.jta.platform.internal.NoJtaPlatform]
Hibernate: create table author (author_id integer not null, firstname varchar(255) not null, lastname varchar(255) not null, primary key (author_id))
Hibernate: create table book (id bigint not null, isbn varchar(255) not null, title varchar(255) not null, primary key (id))
Hibernate: create table book_author (fk_book bigint not null, fk_author integer not null, primary key (fk_book, fk_author))
Hibernate: create table orders (id bigint not null, expiry date not null, isbn varchar(255) not null, user_id bigint, primary key (id))
Hibernate: create table users (userid bigint not null, firstname varchar(255) not null, lastname varchar(255) not null, primary key (userid))
Hibernate: alter table if exists book drop constraint if exists UK_ehpdfjpu1jm3hijhj4mm0hx9h
Hibernate: alter table if exists book add constraint UK_ehpdfjpu1jm3hijhj4mm0hx9h unique (isbn)
Hibernate: alter table if exists orders drop constraint if exists UK_awjw8b4vho2hf63eg5wynp3aw
Hibernate: alter table if exists orders add constraint UK_awjw8b4vho2hf63eg5wynp3aw unique (isbn)
Hibernate: create sequence author_seq start with 1 increment by 50
Hibernate: create sequence book_seq start with 1 increment by 50
Hibernate: create sequence orders_seq start with 1 increment by 50
Hibernate: create sequence users_seq start with 1 increment by 50
Hibernate: alter table if exists book_author add constraint FK2xwe4e9xvkh69tcsbktc9qa1f foreign key (fk_author) references author
Hibernate: alter table if exists book_author add constraint FK1fnhtttsxrymu4vnhpy7jxc9f foreign key (fk_book) references book
Hibernate: alter table if exists orders add constraint FK32ql8ubntj5uh44ph9659tiih foreign key (user_id) references users
2023-10-02T12:52:27.952+02:00  INFO 88387 --- [           main] j.LocalContainerEntityManagerFactoryBean : Initialized JPA EntityManagerFactory for persistence unit 'default'
2023-10-02T12:52:28.194+02:00  INFO 88387 --- [           main] o.s.d.j.r.query.QueryEnhancerFactory     : Hibernate is in classpath; If applicable, HQL parser will be used.
2023-10-02T12:52:28.654+02:00  WARN 88387 --- [           main] JpaBaseConfiguration$JpaWebConfiguration : spring.jpa.open-in-view is enabled by default. Therefore, database queries may be performed during view rendering. Explicitly configure spring.jpa.open-in-view to disable this warning
2023-10-02T12:52:29.093+02:00  INFO 88387 --- [           main] o.s.b.w.embedded.tomcat.TomcatWebServer  : Tomcat started on port(s): 8090 (http) with context path ''
2023-10-02T12:52:29.102+02:00  INFO 88387 --- [           main] n.h.dat152.rest.ws.main.test.TestAuthor  : Started TestAuthor in 4.81 seconds (process running for 5.733)
Hibernate: select next value for author_seq
Hibernate: select next value for author_seq
Hibernate: insert into author (firstname,lastname,author_id) values (?,?,?)
Hibernate: insert into author (firstname,lastname,author_id) values (?,?,?)
Hibernate: insert into author (firstname,lastname,author_id) values (?,?,?)
Hibernate: insert into author (firstname,lastname,author_id) values (?,?,?)
Hibernate: insert into author (firstname,lastname,author_id) values (?,?,?)
Hibernate: select a1_0.author_id,a1_0.firstname,a1_0.lastname from author a1_0 where a1_0.author_id=?
Hibernate: select a1_0.author_id,a1_0.firstname,a1_0.lastname from author a1_0 where a1_0.author_id=?
Hibernate: select next value for book_seq
Hibernate: select next value for book_seq
Hibernate: insert into book (isbn,title,id) values (?,?,?)
Hibernate: insert into book (isbn,title,id) values (?,?,?)
Hibernate: insert into book (isbn,title,id) values (?,?,?)
Hibernate: insert into book_author (fk_book,fk_author) values (?,?)
Hibernate: insert into book_author (fk_book,fk_author) values (?,?)
Hibernate: insert into book_author (fk_book,fk_author) values (?,?)
Hibernate: insert into book_author (fk_book,fk_author) values (?,?)
Hibernate: select next value for users_seq
Hibernate: select next value for orders_seq
Hibernate: select next value for users_seq
Hibernate: select next value for orders_seq
Hibernate: insert into users (firstname,lastname,userid) values (?,?,?)
Hibernate: insert into orders (expiry,isbn,id) values (?,?,?)
Hibernate: insert into users (firstname,lastname,userid) values (?,?,?)
Hibernate: insert into orders (expiry,isbn,id) values (?,?,?)
Hibernate: update orders set user_id=? where id=?
Hibernate: update orders set user_id=? where id=?
2023-10-02T12:52:29.253+02:00  INFO 88387 --- [           main] f.a.AutowiredAnnotationBeanPostProcessor : Autowired annotation is not supported on static fields: private static final java.lang.String no.hvl.dat152.rest.ws.main.test.TestAuthor.API_ROOT
Hibernate: insert into author (firstname,lastname,author_id) values (?,?,?)
2023-10-02T12:52:30.815+02:00  INFO 88387 --- [nio-8090-exec-1] o.a.c.c.C.[Tomcat].[localhost].[/]       : Initializing Spring DispatcherServlet 'dispatcherServlet'
2023-10-02T12:52:30.816+02:00  INFO 88387 --- [nio-8090-exec-1] o.s.web.servlet.DispatcherServlet        : Initializing Servlet 'dispatcherServlet'
2023-10-02T12:52:30.817+02:00  INFO 88387 --- [nio-8090-exec-1] o.s.web.servlet.DispatcherServlet        : Completed initialization in 1 ms
Hibernate: select a1_0.author_id,a1_0.firstname,a1_0.lastname from author a1_0 where a1_0.author_id=?
Hibernate: update author set firstname=?,lastname=? where author_id=?
Hibernate: select b1_0.fk_author,b1_1.id,b1_1.isbn,b1_1.title from book_author b1_0 join book b1_1 on b1_1.id=b1_0.fk_book where b1_0.fk_author=?
]]></system-out>
  </testcase>
  <testcase name="createAuthor_thenOK" classname="no.hvl.dat152.rest.ws.main.test.TestAuthor" time="0.043">
    <system-out><![CDATA[Hibernate: insert into author (firstname,lastname,author_id) values (?,?,?)
]]></system-out>
  </testcase>
  <testcase name="getBooksOfAuthor_thenOK" classname="no.hvl.dat152.rest.ws.main.test.TestAuthor" time="0.047">
    <system-out><![CDATA[Hibernate: select a1_0.author_id,a1_0.firstname,a1_0.lastname from author a1_0 where a1_0.author_id=?
Hibernate: select b1_0.fk_author,b1_1.id,b1_1.isbn,b1_1.title from book_author b1_0 join book b1_1 on b1_1.id=b1_0.fk_book where b1_0.fk_author=?
Hibernate: select a1_0.fk_book,a1_1.author_id,a1_1.firstname,a1_1.lastname from book_author a1_0 join author a1_1 on a1_1.author_id=a1_0.fk_author where a1_0.fk_book=?
Hibernate: select a1_0.fk_book,a1_1.author_id,a1_1.firstname,a1_1.lastname from book_author a1_0 join author a1_1 on a1_1.author_id=a1_0.fk_author where a1_0.fk_book=?
Hibernate: select a1_0.fk_book,a1_1.author_id,a1_1.firstname,a1_1.lastname from book_author a1_0 join author a1_1 on a1_1.author_id=a1_0.fk_author where a1_0.fk_book=?
]]></system-out>
  </testcase>
  <testcase name="getAllAuthors_thenOK" classname="no.hvl.dat152.rest.ws.main.test.TestAuthor" time="0.082">
    <system-out><![CDATA[Hibernate: select a1_0.author_id,a1_0.firstname,a1_0.lastname from author a1_0
Hibernate: select b1_0.fk_author,b1_1.id,b1_1.isbn,b1_1.title from book_author b1_0 join book b1_1 on b1_1.id=b1_0.fk_book where b1_0.fk_author=?
Hibernate: select b1_0.fk_author,b1_1.id,b1_1.isbn,b1_1.title from book_author b1_0 join book b1_1 on b1_1.id=b1_0.fk_book where b1_0.fk_author=?
Hibernate: select b1_0.fk_author,b1_1.id,b1_1.isbn,b1_1.title from book_author b1_0 join book b1_1 on b1_1.id=b1_0.fk_book where b1_0.fk_author=?
Hibernate: select b1_0.fk_author,b1_1.id,b1_1.isbn,b1_1.title from book_author b1_0 join book b1_1 on b1_1.id=b1_0.fk_book where b1_0.fk_author=?
Hibernate: select b1_0.fk_author,b1_1.id,b1_1.isbn,b1_1.title from book_author b1_0 join book b1_1 on b1_1.id=b1_0.fk_book where b1_0.fk_author=?
Hibernate: select b1_0.fk_author,b1_1.id,b1_1.isbn,b1_1.title from book_author b1_0 join book b1_1 on b1_1.id=b1_0.fk_book where b1_0.fk_author=?
Hibernate: select b1_0.fk_author,b1_1.id,b1_1.isbn,b1_1.title from book_author b1_0 join book b1_1 on b1_1.id=b1_0.fk_book where b1_0.fk_author=?
]]></system-out>
  </testcase>
  <testcase name="getAuthorById_thenOK" classname="no.hvl.dat152.rest.ws.main.test.TestAuthor" time="0.039">
    <system-out><![CDATA[Hibernate: select a1_0.author_id,a1_0.firstname,a1_0.lastname from author a1_0 where a1_0.author_id=?
Hibernate: select b1_0.fk_author,b1_1.id,b1_1.isbn,b1_1.title from book_author b1_0 join book b1_1 on b1_1.id=b1_0.fk_book where b1_0.fk_author=?
]]></system-out>
  </testcase>
</testsuite>